<?xml version="1.0" encoding="UTF-8" ?>
<testsuite tests="1" failures="0" name="it.gius.AppTest" time="0.036" errors="0" skipped="0">
  <properties>
    <property name="java.runtime.name" value="Java(TM) SE Runtime Environment"/>
    <property name="sun.boot.library.path" value="C:\Program Files\Java\jdk1.8.0_144\jre\bin"/>
    <property name="java.vm.version" value="25.144-b01"/>
    <property name="java.vm.vendor" value="Oracle Corporation"/>
    <property name="java.vendor.url" value="http://java.oracle.com/"/>
    <property name="path.separator" value=";"/>
    <property name="java.vm.name" value="Java HotSpot(TM) Client VM"/>
    <property name="file.encoding.pkg" value="sun.io"/>
    <property name="user.script" value=""/>
    <property name="user.country" value="IT"/>
    <property name="sun.java.launcher" value="SUN_STANDARD"/>
    <property name="sun.os.patch.level" value="Service Pack 2"/>
    <property name="java.vm.specification.name" value="Java Virtual Machine Specification"/>
    <property name="user.dir" value="C:\Users\giuseppe\pePpe\AssemblyModule"/>
    <property name="java.runtime.version" value="1.8.0_144-b01"/>
    <property name="java.awt.graphicsenv" value="sun.awt.Win32GraphicsEnvironment"/>
    <property name="basedir" value="C:\Users\giuseppe\pePpe\AssemblyModule"/>
    <property name="java.endorsed.dirs" value="C:\Program Files\Java\jdk1.8.0_144\jre\lib\endorsed"/>
    <property name="os.arch" value="x86"/>
    <property name="surefire.real.class.path" value="C:\Users\giuseppe\AppData\Local\Temp\surefirebooter2804610810305075489.jar"/>
    <property name="java.io.tmpdir" value="C:\Users\giuseppe\AppData\Local\Temp\"/>
    <property name="line.separator" value="
"/>
    <property name="java.vm.specification.vendor" value="Oracle Corporation"/>
    <property name="user.variant" value=""/>
    <property name="os.name" value="Windows Vista"/>
    <property name="sun.jnu.encoding" value="Cp1252"/>
    <property name="java.library.path" value="C:\Program Files\Java\jdk1.8.0_144\jre\bin;C:\Windows\Sun\Java\bin;C:\Windows\system32;C:\Windows;C:\ProgramData\Oracle\Java\javapath;C:\Program Files\PHP\;C:\Program Files\Common Files\Microsoft Shared\Windows Live;C:\Windows\system32;C:\Windows;C:\Windows\System32\Wbem;C:\Program Files\Common Files\Roxio Shared\DLLShared\;C:\Program Files\Common Files\Roxio Shared\10.0\DLLShared\;c:\altera\90\quartus\bin;C:\Program Files\Java\jdk1.6.0_12\bin;C:\Program Files\QuickTime\QTSystem\;C:\Users\giuseppe\isls\lab\tools\apache-maven-2.2.1\bin;C:\Program Files\Common Files\DivX Shared\;C:\apache-ant-1.8.1/bin;C:\jacorb-2.3.1/bin;C:\Windows\System32\WindowsPowerShell\v1.0\;C:\Program Files\MySQL\MySQL Server 5.5\bin;C:\Program Files\Windows Live\Shared;C:\apache-maven-3.0.3\bin;C:\Program Files\PHP;C:\Program Files\Graphviz 2.28\bin;C:\Program Files\UMLGraph-5.4\bin;C:\Program Files\GnuWin32\bin;C:\Program Files\TortoiseSVN\bin;C:\Program Files\SlikSvn\bin;C:\Python31;C:\Program Files\Git\cmd;."/>
    <property name="surefire.test.class.path" value="C:\Users\giuseppe\pePpe\AssemblyModule\target\test-classes;C:\Users\giuseppe\pePpe\AssemblyModule\target\classes;C:\Users\giuseppe\isls\lab\repo\org\springframework\spring-beans\3.0.0.RELEASE\spring-beans-3.0.0.RELEASE.jar;C:\Users\giuseppe\isls\lab\repo\org\springframework\spring-core\3.0.0.RELEASE\spring-core-3.0.0.RELEASE.jar;C:\Users\giuseppe\isls\lab\repo\org\springframework\spring-asm\3.0.0.RELEASE\spring-asm-3.0.0.RELEASE.jar;C:\Users\giuseppe\isls\lab\repo\commons-logging\commons-logging\1.1.1\commons-logging-1.1.1.jar;C:\Users\giuseppe\isls\lab\repo\it\gius\DataModule\1.0-SNAPSHOT\DataModule-1.0-SNAPSHOT.jar;C:\Users\giuseppe\isls\lab\repo\org\jbox2d-modified\jbox2d.common-modified\1.2\jbox2d.common-modified-1.2.jar;C:\Users\giuseppe\isls\lab\repo\log4j\log4j\1.2.16\log4j-1.2.16.jar;C:\Users\giuseppe\isls\lab\repo\it\gius\SimulatorModule\1.0-SNAPSHOT\SimulatorModule-1.0-SNAPSHOT.jar;C:\Users\giuseppe\isls\lab\repo\it\gius\HighLevelModule\1.0-SNAPSHOT\HighLevelModule-1.0-SNAPSHOT.jar;C:\Users\giuseppe\isls\lab\repo\it\gius\ProcessingUtilsModule\1.0-SNAPSHOT\ProcessingUtilsModule-1.0-SNAPSHOT.jar;C:\Users\giuseppe\isls\lab\repo\org\processing\processing.core\1.5.1\processing.core-1.5.1.jar;C:\Users\giuseppe\isls\lab\repo\it\gius\TestModule\1.0-SNAPSHOT\TestModule-1.0-SNAPSHOT.jar;C:\Users\giuseppe\isls\lab\repo\it\gius\GraphUtilsModule\1.0-SNAPSHOT\GraphUtilsModule-1.0-SNAPSHOT.jar;C:\Users\giuseppe\isls\lab\repo\jfree\jfreechart\1.0.13\jfreechart-1.0.13.jar;C:\Users\giuseppe\isls\lab\repo\jfree\jcommon\1.0.16\jcommon-1.0.16.jar;C:\Users\giuseppe\isls\lab\repo\it\gius\SapModule\1.0-SNAPSHOT\SapModule-1.0-SNAPSHOT.jar;C:\Users\giuseppe\isls\lab\repo\it\gius\MoveCollisionModule\1.0-SNAPSHOT\MoveCollisionModule-1.0-SNAPSHOT.jar;C:\Users\giuseppe\isls\lab\repo\junit\junit\3.8.1\junit-3.8.1.jar;"/>
    <property name="java.specification.name" value="Java Platform API Specification"/>
    <property name="java.class.version" value="52.0"/>
    <property name="sun.management.compiler" value="HotSpot Client Compiler"/>
    <property name="os.version" value="6.0"/>
    <property name="user.home" value="C:\Users\giuseppe"/>
    <property name="user.timezone" value=""/>
    <property name="java.awt.printerjob" value="sun.awt.windows.WPrinterJob"/>
    <property name="java.specification.version" value="1.8"/>
    <property name="file.encoding" value="Cp1252"/>
    <property name="user.name" value="giuseppe"/>
    <property name="java.class.path" value="C:\Users\giuseppe\pePpe\AssemblyModule\target\test-classes;C:\Users\giuseppe\pePpe\AssemblyModule\target\classes;C:\Users\giuseppe\isls\lab\repo\org\springframework\spring-beans\3.0.0.RELEASE\spring-beans-3.0.0.RELEASE.jar;C:\Users\giuseppe\isls\lab\repo\org\springframework\spring-core\3.0.0.RELEASE\spring-core-3.0.0.RELEASE.jar;C:\Users\giuseppe\isls\lab\repo\org\springframework\spring-asm\3.0.0.RELEASE\spring-asm-3.0.0.RELEASE.jar;C:\Users\giuseppe\isls\lab\repo\commons-logging\commons-logging\1.1.1\commons-logging-1.1.1.jar;C:\Users\giuseppe\isls\lab\repo\it\gius\DataModule\1.0-SNAPSHOT\DataModule-1.0-SNAPSHOT.jar;C:\Users\giuseppe\isls\lab\repo\org\jbox2d-modified\jbox2d.common-modified\1.2\jbox2d.common-modified-1.2.jar;C:\Users\giuseppe\isls\lab\repo\log4j\log4j\1.2.16\log4j-1.2.16.jar;C:\Users\giuseppe\isls\lab\repo\it\gius\SimulatorModule\1.0-SNAPSHOT\SimulatorModule-1.0-SNAPSHOT.jar;C:\Users\giuseppe\isls\lab\repo\it\gius\HighLevelModule\1.0-SNAPSHOT\HighLevelModule-1.0-SNAPSHOT.jar;C:\Users\giuseppe\isls\lab\repo\it\gius\ProcessingUtilsModule\1.0-SNAPSHOT\ProcessingUtilsModule-1.0-SNAPSHOT.jar;C:\Users\giuseppe\isls\lab\repo\org\processing\processing.core\1.5.1\processing.core-1.5.1.jar;C:\Users\giuseppe\isls\lab\repo\it\gius\TestModule\1.0-SNAPSHOT\TestModule-1.0-SNAPSHOT.jar;C:\Users\giuseppe\isls\lab\repo\it\gius\GraphUtilsModule\1.0-SNAPSHOT\GraphUtilsModule-1.0-SNAPSHOT.jar;C:\Users\giuseppe\isls\lab\repo\jfree\jfreechart\1.0.13\jfreechart-1.0.13.jar;C:\Users\giuseppe\isls\lab\repo\jfree\jcommon\1.0.16\jcommon-1.0.16.jar;C:\Users\giuseppe\isls\lab\repo\it\gius\SapModule\1.0-SNAPSHOT\SapModule-1.0-SNAPSHOT.jar;C:\Users\giuseppe\isls\lab\repo\it\gius\MoveCollisionModule\1.0-SNAPSHOT\MoveCollisionModule-1.0-SNAPSHOT.jar;C:\Users\giuseppe\isls\lab\repo\junit\junit\3.8.1\junit-3.8.1.jar;"/>
    <property name="java.vm.specification.version" value="1.8"/>
    <property name="sun.arch.data.model" value="32"/>
    <property name="java.home" value="C:\Program Files\Java\jdk1.8.0_144\jre"/>
    <property name="sun.java.command" value="C:\Users\giuseppe\AppData\Local\Temp\surefirebooter2804610810305075489.jar C:\Users\giuseppe\AppData\Local\Temp\surefire5398017134315933293tmp C:\Users\giuseppe\AppData\Local\Temp\surefire8154020284258194104tmp"/>
    <property name="java.specification.vendor" value="Oracle Corporation"/>
    <property name="user.language" value="it"/>
    <property name="awt.toolkit" value="sun.awt.windows.WToolkit"/>
    <property name="java.vm.info" value="mixed mode, sharing"/>
    <property name="java.version" value="1.8.0_144"/>
    <property name="java.ext.dirs" value="C:\Program Files\Java\jdk1.8.0_144\jre\lib\ext;C:\Windows\Sun\Java\lib\ext"/>
    <property name="sun.boot.class.path" value="C:\Program Files\Java\jdk1.8.0_144\jre\lib\resources.jar;C:\Program Files\Java\jdk1.8.0_144\jre\lib\rt.jar;C:\Program Files\Java\jdk1.8.0_144\jre\lib\sunrsasign.jar;C:\Program Files\Java\jdk1.8.0_144\jre\lib\jsse.jar;C:\Program Files\Java\jdk1.8.0_144\jre\lib\jce.jar;C:\Program Files\Java\jdk1.8.0_144\jre\lib\charsets.jar;C:\Program Files\Java\jdk1.8.0_144\jre\lib\jfr.jar;C:\Program Files\Java\jdk1.8.0_144\jre\classes"/>
    <property name="java.vendor" value="Oracle Corporation"/>
    <property name="localRepository" value="C:/Users/giuseppe/isls/lab/repo"/>
    <property name="file.separator" value="\"/>
    <property name="java.vendor.url.bug" value="http://bugreport.sun.com/bugreport/"/>
    <property name="sun.cpu.endian" value="little"/>
    <property name="sun.io.unicode.encoding" value="UnicodeLittle"/>
    <property name="sun.desktop" value="windows"/>
    <property name="sun.cpu.isalist" value="pentium_pro+mmx pentium_pro pentium+mmx pentium i486 i386 i86"/>
  </properties>
  <testcase classname="it.gius.AppTest" name="testApp" time="0.009"/>
</testsuite>